Copyright 1986-2019 Xilinx, Inc. All Rights Reserved.
----------------------------------------------------------------------------------------------------------------------------------------------------------------------------------------
| Tool Version     : Vivado v.2019.2 (win64) Build 2708876 Wed Nov  6 21:40:23 MST 2019
| Date             : Tue Jun 20 15:02:27 2023
| Host             : ws-lenovo224 running 64-bit major release  (build 9200)
| Command          : report_power -file microblaze_top_wrapper_power_routed.rpt -pb microblaze_top_wrapper_power_summary_routed.pb -rpx microblaze_top_wrapper_power_routed.rpx
| Design           : microblaze_top_wrapper
| Device           : xc7a100tcsg324-1
| Design State     : routed
| Grade            : commercial
| Process          : typical
| Characterization : Production
----------------------------------------------------------------------------------------------------------------------------------------------------------------------------------------

Power Report

Table of Contents
-----------------
1. Summary
1.1 On-Chip Components
1.2 Power Supply Summary
1.3 Confidence Level
2. Settings
2.1 Environment
2.2 Clock Constraints
3. Detailed Reports
3.1 By Hierarchy

1. Summary
----------

+--------------------------+--------------+
| Total On-Chip Power (W)  | 1.366        |
| Design Power Budget (W)  | Unspecified* |
| Power Budget Margin (W)  | NA           |
| Dynamic (W)              | 1.255        |
| Device Static (W)        | 0.111        |
| Effective TJA (C/W)      | 4.6          |
| Max Ambient (C)          | 78.8         |
| Junction Temperature (C) | 31.2         |
| Confidence Level         | Low          |
| Setting File             | ---          |
| Simulation Activity File | ---          |
| Design Nets Matched      | NA           |
+--------------------------+--------------+
* Specify Design Power Budget using, set_operating_conditions -design_power_budget <value in Watts>


1.1 On-Chip Components
----------------------

+--------------------------+-----------+----------+-----------+-----------------+
| On-Chip                  | Power (W) | Used     | Available | Utilization (%) |
+--------------------------+-----------+----------+-----------+-----------------+
| Clocks                   |     0.098 |       30 |       --- |             --- |
| Slice Logic              |     0.048 |    58497 |       --- |             --- |
|   LUT as Logic           |     0.042 |    19422 |     63400 |           30.63 |
|   Register               |     0.002 |    26181 |    126800 |           20.65 |
|   CARRY4                 |     0.002 |      825 |     15850 |            5.21 |
|   LUT as Distributed RAM |     0.002 |     1548 |     19000 |            8.15 |
|   LUT as Shift Register  |    <0.001 |     1282 |     19000 |            6.75 |
|   F7/F8 Muxes            |    <0.001 |      498 |     63400 |            0.79 |
|   Others                 |    <0.001 |     3105 |       --- |             --- |
|   BUFG                   |    <0.001 |        1 |        32 |            3.13 |
| Signals                  |     0.066 |    41013 |       --- |             --- |
| Block RAM                |     0.044 |     40.5 |       135 |           30.00 |
| MMCM                     |     0.219 |        2 |         6 |           33.33 |
| PLL                      |     0.115 |        1 |         6 |           16.67 |
| DSPs                     |     0.002 |        4 |       240 |            1.67 |
| I/O                      |     0.550 |       94 |       210 |           44.76 |
| PHASER                   |     0.110 |       14 |       --- |             --- |
| XADC                     |     0.004 |        1 |       --- |             --- |
| Static Power             |     0.111 |          |           |                 |
| Total                    |     1.366 |          |           |                 |
+--------------------------+-----------+----------+-----------+-----------------+


1.2 Power Supply Summary
------------------------

+-----------+-------------+-----------+-------------+------------+
| Source    | Voltage (V) | Total (A) | Dynamic (A) | Static (A) |
+-----------+-------------+-----------+-------------+------------+
| Vccint    |       1.000 |     0.311 |       0.291 |      0.020 |
| Vccaux    |       1.800 |     0.302 |       0.284 |      0.018 |
| Vcco33    |       3.300 |     0.010 |       0.006 |      0.004 |
| Vcco25    |       2.500 |     0.000 |       0.000 |      0.000 |
| Vcco18    |       1.800 |     0.242 |       0.238 |      0.004 |
| Vcco15    |       1.500 |     0.000 |       0.000 |      0.000 |
| Vcco135   |       1.350 |     0.000 |       0.000 |      0.000 |
| Vcco12    |       1.200 |     0.000 |       0.000 |      0.000 |
| Vccaux_io |       1.800 |     0.000 |       0.000 |      0.000 |
| Vccbram   |       1.000 |     0.004 |       0.003 |      0.001 |
| MGTAVcc   |       1.000 |     0.000 |       0.000 |      0.000 |
| MGTAVtt   |       1.200 |     0.000 |       0.000 |      0.000 |
| Vccadc    |       1.800 |     0.022 |       0.002 |      0.020 |
+-----------+-------------+-----------+-------------+------------+


1.3 Confidence Level
--------------------

+-----------------------------+------------+--------------------------------------------------------+------------------------------------------------------------------------------------------------------------+
| User Input Data             | Confidence | Details                                                | Action                                                                                                     |
+-----------------------------+------------+--------------------------------------------------------+------------------------------------------------------------------------------------------------------------+
| Design implementation state | High       | Design is routed                                       |                                                                                                            |
| Clock nodes activity        | High       | User specified more than 95% of clocks                 |                                                                                                            |
| I/O nodes activity          | Low        | More than 75% of inputs are missing user specification | Provide missing input activity with simulation results or by editing the "By Resource Type -> I/Os" view   |
| Internal nodes activity     | Medium     | User specified less than 25% of internal nodes         | Provide missing internal nodes activity with simulation results or by editing the "By Resource Type" views |
| Device models               | High       | Device models are Production                           |                                                                                                            |
|                             |            |                                                        |                                                                                                            |
| Overall confidence level    | Low        |                                                        |                                                                                                            |
+-----------------------------+------------+--------------------------------------------------------+------------------------------------------------------------------------------------------------------------+


2. Settings
-----------

2.1 Environment
---------------

+-----------------------+--------------------------+
| Ambient Temp (C)      | 25.0                     |
| ThetaJA (C/W)         | 4.6                      |
| Airflow (LFM)         | 250                      |
| Heat Sink             | medium (Medium Profile)  |
| ThetaSA (C/W)         | 4.6                      |
| Board Selection       | medium (10"x10")         |
| # of Board Layers     | 12to15 (12 to 15 Layers) |
| Board Temperature (C) | 25.0                     |
+-----------------------+--------------------------+


2.2 Clock Constraints
---------------------

+-----------------------------------------------------------------------------------------------------------------------------------------------------------+----------------------------------------------------------------------------------------------------------------------------------------------------------------------------------------------------------------------------------------+-----------------+
| Clock                                                                                                                                                     | Domain                                                                                                                                                                                                                                 | Constraint (ns) |
+-----------------------------------------------------------------------------------------------------------------------------------------------------------+----------------------------------------------------------------------------------------------------------------------------------------------------------------------------------------------------------------------------------------+-----------------+
| clk_out1_microblaze_top_clk_wiz_0_1                                                                                                                       | microblaze_top_i/clk_wiz_0/inst/clk_out1_microblaze_top_clk_wiz_0_1                                                                                                                                                                    |            10.0 |
| clk_out2_microblaze_top_clk_wiz_0_1                                                                                                                       | microblaze_top_i/clk_wiz_0/inst/clk_out2_microblaze_top_clk_wiz_0_1                                                                                                                                                                    |             5.0 |
| clk_out3_microblaze_top_clk_wiz_0_1                                                                                                                       | microblaze_top_i/clk_wiz_0/inst/clk_out3_microblaze_top_clk_wiz_0_1                                                                                                                                                                    |            20.0 |
| clk_pll_i                                                                                                                                                 | microblaze_top_i/mig_7series_0/u_microblaze_top_mig_7series_0_1_mig/u_ddr2_infrastructure/clk_pll_i                                                                                                                                    |            12.3 |
| clkfbout_microblaze_top_clk_wiz_0_1                                                                                                                       | microblaze_top_i/clk_wiz_0/inst/clkfbout_microblaze_top_clk_wiz_0_1                                                                                                                                                                    |            10.0 |
| dbg_hub/inst/BSCANID.u_xsdbm_id/SWITCH_N_EXT_BSCAN.bscan_inst/SERIES7_BSCAN.bscan_inst/TCK                                                                | dbg_hub/inst/BSCANID.u_xsdbm_id/SWITCH_N_EXT_BSCAN.bscan_inst/tck_bs                                                                                                                                                                   |            33.0 |
| freq_refclk                                                                                                                                               | microblaze_top_i/mig_7series_0/u_microblaze_top_mig_7series_0_1_mig/u_ddr2_infrastructure/freq_refclk                                                                                                                                  |             1.5 |
| iserdes_clkdiv                                                                                                                                            | microblaze_top_i/mig_7series_0/u_microblaze_top_mig_7series_0_1_mig/u_memc_ui_top_axi/mem_intfc0/ddr_phy_top0/u_ddr_mc_phy_wrapper/u_ddr_mc_phy/ddr_phy_4lanes_0.u_ddr_phy_4lanes/ddr_byte_lane_A.ddr_byte_lane_A/iserdes_clkdiv       |            12.3 |
| iserdes_clkdiv_1                                                                                                                                          | microblaze_top_i/mig_7series_0/u_microblaze_top_mig_7series_0_1_mig/u_memc_ui_top_axi/mem_intfc0/ddr_phy_top0/u_ddr_mc_phy_wrapper/u_ddr_mc_phy/ddr_phy_4lanes_0.u_ddr_phy_4lanes/ddr_byte_lane_C.ddr_byte_lane_C/iserdes_clkdiv       |            12.3 |
| mem_refclk                                                                                                                                                | microblaze_top_i/mig_7series_0/u_microblaze_top_mig_7series_0_1_mig/u_ddr2_infrastructure/mem_refclk                                                                                                                                   |             3.1 |
| microblaze_top_i/axi_ethernetlite_0/U0/phy_rx_clk                                                                                                         | microblaze_top_i/axi_ethernetlite_0/U0/phy_rx_clk_core                                                                                                                                                                                 |            40.0 |
| microblaze_top_i/axi_ethernetlite_0/U0/phy_tx_clk                                                                                                         | microblaze_top_i/axi_ethernetlite_0/U0/phy_tx_clk_core                                                                                                                                                                                 |            40.0 |
| microblaze_top_i/mdm_1/U0/Use_E2.BSCAN_I/Use_E2.BSCANE2_I/DRCK                                                                                            | microblaze_top_i/mdm_1/U0/Use_E2.BSCAN_I/DRCK                                                                                                                                                                                          |            33.3 |
| microblaze_top_i/mdm_1/U0/Use_E2.BSCAN_I/Use_E2.BSCANE2_I/UPDATE                                                                                          | microblaze_top_i/mdm_1/U0/Use_E2.BSCAN_I/Ext_JTAG_UPDATE                                                                                                                                                                               |            33.3 |
| oserdes_clk                                                                                                                                               | microblaze_top_i/mig_7series_0/u_microblaze_top_mig_7series_0_1_mig/u_memc_ui_top_axi/mem_intfc0/ddr_phy_top0/u_ddr_mc_phy_wrapper/u_ddr_mc_phy/ddr_phy_4lanes_0.u_ddr_phy_4lanes/ddr_byte_lane_A.ddr_byte_lane_A/oserdes_clk          |             3.1 |
| oserdes_clk_1                                                                                                                                             | microblaze_top_i/mig_7series_0/u_microblaze_top_mig_7series_0_1_mig/u_memc_ui_top_axi/mem_intfc0/ddr_phy_top0/u_ddr_mc_phy_wrapper/u_ddr_mc_phy/ddr_phy_4lanes_0.u_ddr_phy_4lanes/ddr_byte_lane_B.ddr_byte_lane_B/oserdes_clk          |             3.1 |
| oserdes_clk_2                                                                                                                                             | microblaze_top_i/mig_7series_0/u_microblaze_top_mig_7series_0_1_mig/u_memc_ui_top_axi/mem_intfc0/ddr_phy_top0/u_ddr_mc_phy_wrapper/u_ddr_mc_phy/ddr_phy_4lanes_0.u_ddr_phy_4lanes/ddr_byte_lane_C.ddr_byte_lane_C/oserdes_clk          |             3.1 |
| oserdes_clk_3                                                                                                                                             | microblaze_top_i/mig_7series_0/u_microblaze_top_mig_7series_0_1_mig/u_memc_ui_top_axi/mem_intfc0/ddr_phy_top0/u_ddr_mc_phy_wrapper/u_ddr_mc_phy/ddr_phy_4lanes_0.u_ddr_phy_4lanes/ddr_byte_lane_D.ddr_byte_lane_D/oserdes_clk          |             3.1 |
| oserdes_clkdiv                                                                                                                                            | microblaze_top_i/mig_7series_0/u_microblaze_top_mig_7series_0_1_mig/u_memc_ui_top_axi/mem_intfc0/ddr_phy_top0/u_ddr_mc_phy_wrapper/u_ddr_mc_phy/ddr_phy_4lanes_0.u_ddr_phy_4lanes/ddr_byte_lane_A.ddr_byte_lane_A/oserdes_clkdiv       |             6.2 |
| oserdes_clkdiv_1                                                                                                                                          | microblaze_top_i/mig_7series_0/u_microblaze_top_mig_7series_0_1_mig/u_memc_ui_top_axi/mem_intfc0/ddr_phy_top0/u_ddr_mc_phy_wrapper/u_ddr_mc_phy/ddr_phy_4lanes_0.u_ddr_phy_4lanes/ddr_byte_lane_B.ddr_byte_lane_B/oserdes_clkdiv       |            12.3 |
| oserdes_clkdiv_2                                                                                                                                          | microblaze_top_i/mig_7series_0/u_microblaze_top_mig_7series_0_1_mig/u_memc_ui_top_axi/mem_intfc0/ddr_phy_top0/u_ddr_mc_phy_wrapper/u_ddr_mc_phy/ddr_phy_4lanes_0.u_ddr_phy_4lanes/ddr_byte_lane_C.ddr_byte_lane_C/oserdes_clkdiv       |             6.2 |
| oserdes_clkdiv_3                                                                                                                                          | microblaze_top_i/mig_7series_0/u_microblaze_top_mig_7series_0_1_mig/u_memc_ui_top_axi/mem_intfc0/ddr_phy_top0/u_ddr_mc_phy_wrapper/u_ddr_mc_phy/ddr_phy_4lanes_0.u_ddr_phy_4lanes/ddr_byte_lane_D.ddr_byte_lane_D/oserdes_clkdiv       |            12.3 |
| pll_clk3_out                                                                                                                                              | microblaze_top_i/mig_7series_0/u_microblaze_top_mig_7series_0_1_mig/u_ddr2_infrastructure/pll_clk3_out                                                                                                                                 |            12.3 |
| pll_clkfbout                                                                                                                                              | microblaze_top_i/mig_7series_0/u_microblaze_top_mig_7series_0_1_mig/u_ddr2_infrastructure/pll_clkfbout                                                                                                                                 |            10.0 |
| sync_pulse                                                                                                                                                | microblaze_top_i/mig_7series_0/u_microblaze_top_mig_7series_0_1_mig/u_ddr2_infrastructure/sync_pulse                                                                                                                                   |            49.2 |
| sys_clock                                                                                                                                                 | sys_clock                                                                                                                                                                                                                              |            10.0 |
| u_memc_ui_top_axi/mem_intfc0/ddr_phy_top0/u_ddr_mc_phy_wrapper/u_ddr_mc_phy/ddr_phy_4lanes_0.u_ddr_phy_4lanes/ddr_byte_lane_A.ddr_byte_lane_A/iserdes_clk | microblaze_top_i/mig_7series_0/u_microblaze_top_mig_7series_0_1_mig/u_memc_ui_top_axi/mem_intfc0/ddr_phy_top0/u_ddr_mc_phy_wrapper/u_ddr_mc_phy/ddr_phy_4lanes_0.u_ddr_phy_4lanes/ddr_byte_lane_A.ddr_byte_lane_A/A_rst_primitives_reg |             3.1 |
| u_memc_ui_top_axi/mem_intfc0/ddr_phy_top0/u_ddr_mc_phy_wrapper/u_ddr_mc_phy/ddr_phy_4lanes_0.u_ddr_phy_4lanes/ddr_byte_lane_C.ddr_byte_lane_C/iserdes_clk | microblaze_top_i/mig_7series_0/u_microblaze_top_mig_7series_0_1_mig/u_memc_ui_top_axi/mem_intfc0/ddr_phy_top0/u_ddr_mc_phy_wrapper/u_ddr_mc_phy/ddr_phy_4lanes_0.u_ddr_phy_4lanes/ddr_byte_lane_C.ddr_byte_lane_C/A_rst_primitives_reg |             3.1 |
+-----------------------------------------------------------------------------------------------------------------------------------------------------------+----------------------------------------------------------------------------------------------------------------------------------------------------------------------------------------------------------------------------------------+-----------------+


3. Detailed Reports
-------------------

3.1 By Hierarchy
----------------

+--------------------------------------------+-----------+
| Name                                       | Power (W) |
+--------------------------------------------+-----------+
| microblaze_top_wrapper                     |     1.255 |
|   dbg_hub                                  |     0.003 |
|     inst                                   |     0.003 |
|       BSCANID.u_xsdbm_id                   |     0.003 |
|   microblaze_top_i                         |     1.238 |
|     axi_dma_0                              |     0.008 |
|       U0                                   |     0.008 |
|     axi_ethernetlite_0                     |     0.007 |
|       U0                                   |     0.007 |
|     axi_fifo_mm_s_0                        |     0.004 |
|       U0                                   |     0.004 |
|     axi_fifo_mm_s_1                        |     0.003 |
|       U0                                   |     0.003 |
|     axi_quad_spi_0                         |     0.004 |
|       U0                                   |     0.004 |
|     axi_sd_0                               |     0.047 |
|       inst                                 |     0.047 |
|     axi_smc                                |     0.043 |
|       inst                                 |     0.043 |
|     axi_timer_0                            |     0.003 |
|       U0                                   |     0.003 |
|     clk_wiz_0                              |     0.107 |
|       inst                                 |     0.107 |
|     microblaze_0                           |     0.057 |
|       U0                                   |     0.057 |
|     microblaze_0_axi_intc                  |     0.001 |
|       U0                                   |     0.001 |
|     microblaze_0_axi_periph                |     0.001 |
|       xbar                                 |     0.001 |
|     microblaze_0_local_memory              |     0.004 |
|       lmb_bram                             |     0.004 |
|     mig_7series_0                          |     0.908 |
|       u_microblaze_top_mig_7series_0_1_mig |     0.906 |
|     system_ila_0                           |     0.036 |
|       U0                                   |     0.036 |
|     vio_0                                  |     0.001 |
|       inst                                 |     0.001 |
+--------------------------------------------+-----------+


